<!DOCTYPE html PUBLIC "-//W3C//DTD XHTML 1.1//EN" "https://www.w3.org/TR/xhtml11/DTD/xhtml11.dtd">
<html xmlns="https://www.w3.org/1999/xhtml">
<head>
<meta http-equiv="content-type" content="text/html; charset=UTF-8"/>
<title>TestNG Report</title>
<style type="text/css">table {margin-bottom:10px;border-collapse:collapse;empty-cells:show}th,td {border:1px solid #009;padding:.25em .5em}th {vertical-align:bottom}td {vertical-align:top}table a {font-weight:bold}.stripe td {background-color: #E6EBF9}.num {text-align:right}.passedodd td {background-color: #3F3}.passedeven td {background-color: #0A0}.skippedodd td {background-color: #DDD}.skippedeven td {background-color: #CCC}.failedodd td,.attn {background-color: #F33}.failedeven td,.stripe .attn {background-color: #D00}.stacktrace {white-space:pre;font-family:monospace}.totop {font-size:85%;text-align:center;border-bottom:2px solid #000}.invisible {display:none}</style>
</head>
<body>
<table>
<tr><th>Test</th><th># Passed</th><th># Skipped</th><th># Retried</th><th># Failed</th><th>Time (ms)</th><th>Included Groups</th><th>Excluded Groups</th></tr>
<tr><th colspan="8">Suite</th></tr>
<tr><td><a href="#t0">Signup PeopleGrove</a></td><td class="num">6</td><td class="num attn">1</td><td class="num">0</td><td class="num attn">1</td><td class="num">99,832</td><td></td><td></td></tr>
<tr class="stripe"><td><a href="#t1">Assignment 1</a></td><td class="num">1</td><td class="num attn">5</td><td class="num">0</td><td class="num attn">1</td><td class="num">60,902</td><td></td><td></td></tr>
<tr><td><a href="#t2">Assignment 2</a></td><td class="num">3</td><td class="num attn">2</td><td class="num">0</td><td class="num attn">1</td><td class="num">85,638</td><td></td><td></td></tr>
<tr><th>Total</th><th class="num">10</th><th class="num attn">8</th><th class="num">0</th><th class="num attn">3</th><th class="num">246,372</th><th colspan="2"></th></tr>
</table>
<table id='summary'><thead><tr><th>Class</th><th>Method</th><th>Start</th><th>Time (ms)</th></tr></thead><tbody><tr><th colspan="4">Suite</th></tr></tbody><tbody id="t0"><tr><th colspan="4">Signup PeopleGrove &#8212; failed</th></tr><tr class="failedeven"><td rowspan="1">testcases.SignUpTest</td><td><a href="#m0">motivates_Selection</a></td><td rowspan="1">1696604388468</td><td rowspan="1">30131</td></tr><tr><th colspan="4">Signup PeopleGrove &#8212; skipped</th></tr><tr class="skippedeven"><td rowspan="1">testcases.LogOut</td><td><a href="#m1">LogOutCheck</a></td><td rowspan="1">1696604450662</td><td rowspan="1">0</td></tr><tr><th colspan="4">Signup PeopleGrove &#8212; passed</th></tr><tr class="passedeven"><td rowspan="6">testcases.SignUpTest</td><td><a href="#m2">career_Selection</a></td><td rowspan="1">1696604420557</td><td rowspan="1">30099</td></tr><tr class="passedeven"><td><a href="#m3">enjoyDoing_Selection</a></td><td rowspan="1">1696604381855</td><td rowspan="1">6609</td></tr><tr class="passedeven"><td><a href="#m4">joiningAs_Selction</a></td><td rowspan="1">1696604363345</td><td rowspan="1">18503</td></tr><tr class="passedeven"><td><a href="#m5">photo_Selection</a></td><td rowspan="1">1696604419229</td><td rowspan="1">1325</td></tr><tr class="passedeven"><td><a href="#m6">signUpDetails</a></td><td rowspan="1">1696604355841</td><td rowspan="1">7501</td></tr><tr class="passedeven"><td><a href="#m7">signUp_Selction</a></td><td rowspan="1">1696604350920</td><td rowspan="1">4844</td></tr></tbody>
<tbody id="t1"><tr><th colspan="4">Assignment 1 &#8212; failed</th></tr><tr class="failedeven"><td rowspan="1">testcases.Assignment1</td><td><a href="#m8">HomePageCheck</a></td><td rowspan="1">1696604481478</td><td rowspan="1">30405</td></tr><tr><th colspan="4">Assignment 1 &#8212; skipped</th></tr><tr class="skippedeven"><td rowspan="4">testcases.Assignment1</td><td><a href="#m9">AskQuestionCheck</a></td><td rowspan="1">1696604512212</td><td rowspan="1">1</td></tr><tr class="skippedeven"><td><a href="#m10">InboxPageCheck</a></td><td rowspan="1">1696604512227</td><td rowspan="1">0</td></tr><tr class="skippedeven"><td><a href="#m11">JobsPageCheck</a></td><td rowspan="1">1696604512219</td><td rowspan="1">0</td></tr><tr class="skippedeven"><td><a href="#m12">RecrtuierPageCheck</a></td><td rowspan="1">1696604512236</td><td rowspan="1">0</td></tr><tr class="skippedodd"><td rowspan="1">testcases.LogOut</td><td><a href="#m13">LogOutCheck</a></td><td rowspan="1">1696604512246</td><td rowspan="1">1</td></tr><tr><th colspan="4">Assignment 1 &#8212; passed</th></tr><tr class="passedeven"><td rowspan="1">testcases.LoginTest</td><td><a href="#m14">Login</a></td><td rowspan="1">1696604451353</td><td rowspan="1">30123</td></tr></tbody>
<tbody id="t2"><tr><th colspan="4">Assignment 2 &#8212; failed</th></tr><tr class="failedeven"><td rowspan="1">testcases.Assignment2</td><td><a href="#m15">InspirationPathCheck</a></td><td rowspan="1">1696604542996</td><td rowspan="1">23284</td></tr><tr><th colspan="4">Assignment 2 &#8212; skipped</th></tr><tr class="skippedeven"><td rowspan="1">testcases.Assignment2</td><td><a href="#m16">RecentlyViewCheck</a></td><td rowspan="1">1696604598078</td><td rowspan="1">0</td></tr><tr class="skippedodd"><td rowspan="1">testcases.LogOut</td><td><a href="#m17">LogOutCheck</a></td><td rowspan="1">1696604598081</td><td rowspan="1">0</td></tr><tr><th colspan="4">Assignment 2 &#8212; passed</th></tr><tr class="passedeven"><td rowspan="2">testcases.Assignment2</td><td><a href="#m18">CareerPageCheck</a></td><td rowspan="1">1696604542563</td><td rowspan="1">429</td></tr><tr class="passedeven"><td><a href="#m19">UpdateCheck</a></td><td rowspan="1">1696604566615</td><td rowspan="1">31461</td></tr><tr class="passedodd"><td rowspan="1">testcases.LoginTest</td><td><a href="#m20">Login</a></td><td rowspan="1">1696604512457</td><td rowspan="1">30103</td></tr></tbody>
</table>
<h2>Signup PeopleGrove</h2><h3 id="m0">testcases.SignUpTest#motivates_Selection</h3><table class="result"><tr><th>Exception</th></tr><tr><td><div class="stacktrace">org.openqa.selenium.TimeoutException: Expected condition failed: waiting for presence of element located by: By.xpath: //span[contains(text(),&apos;Being challenged&apos;)] (tried for 10 second(s) with 500 milliseconds interval)
	at org.openqa.selenium.support.ui.WebDriverWait.timeoutException(WebDriverWait.java:84)
	at org.openqa.selenium.support.ui.FluentWait.until(FluentWait.java:230)
	at utilities.CommonUtil.click(CommonUtil.java:63)
	at testcases.SignUpTest.motivates_Selection(SignUpTest.java:93)
	at java.base/java.util.ArrayList.forEach(ArrayList.java:1541)
Caused by: org.openqa.selenium.NoSuchElementException: no such element: Unable to locate element: {&quot;method&quot;:&quot;xpath&quot;,&quot;selector&quot;:&quot;//span[contains(text(),&apos;Being challenged&apos;)]&quot;}
  (Session info: chrome=117.0.5938.149)
For documentation on this error, please visit: https://www.selenium.dev/documentation/webdriver/troubleshooting/errors#no-such-element-exception
Build info: version: &apos;4.12.1&apos;, revision: &apos;8e34639b11&apos;
System info: os.name: &apos;Windows 10&apos;, os.arch: &apos;amd64&apos;, os.version: &apos;10.0&apos;, java.version: &apos;11.0.18&apos;
Driver info: org.openqa.selenium.chrome.ChromeDriver
Command: [0d6e9f6f91c451cc676eae7371e056b5, findElement {using=xpath, value=//span[contains(text(),&apos;Being challenged&apos;)]}]
Capabilities {acceptInsecureCerts: false, browserName: chrome, browserVersion: 117.0.5938.149, chrome: {chromedriverVersion: 117.0.5938.149 (e3344ddefa1..., userDataDir: C:\Users\LOVEPR~1\AppData\L...}, fedcm:accounts: true, goog:chromeOptions: {debuggerAddress: localhost:59121}, networkConnectionEnabled: false, pageLoadStrategy: normal, platformName: windows, proxy: Proxy(), se:cdp: ws://localhost:59121/devtoo..., se:cdpVersion: 117.0.5938.149, setWindowRect: true, strictFileInteractability: false, timeouts: {implicit: 0, pageLoad: 300000, script: 30000}, unhandledPromptBehavior: dismiss and notify, webauthn:extension:credBlob: true, webauthn:extension:largeBlob: true, webauthn:extension:minPinLength: true, webauthn:extension:prf: true, webauthn:virtualAuthenticators: true}
Session ID: 0d6e9f6f91c451cc676eae7371e056b5
	at org.openqa.selenium.remote.codec.w3c.W3CHttpResponseCodec.createException(W3CHttpResponseCodec.java:200)
	at org.openqa.selenium.remote.codec.w3c.W3CHttpResponseCodec.decode(W3CHttpResponseCodec.java:133)
	at org.openqa.selenium.remote.codec.w3c.W3CHttpResponseCodec.decode(W3CHttpResponseCodec.java:52)
	at org.openqa.selenium.remote.HttpCommandExecutor.execute(HttpCommandExecutor.java:191)
	at org.openqa.selenium.remote.service.DriverCommandExecutor.invokeExecute(DriverCommandExecutor.java:196)
	at org.openqa.selenium.remote.service.DriverCommandExecutor.execute(DriverCommandExecutor.java:171)
	at org.openqa.selenium.remote.RemoteWebDriver.execute(RemoteWebDriver.java:602)
	at org.openqa.selenium.remote.ElementLocation$ElementFinder$2.findElement(ElementLocation.java:165)
	at org.openqa.selenium.remote.ElementLocation.findElement(ElementLocation.java:59)
	at org.openqa.selenium.remote.RemoteWebDriver.findElement(RemoteWebDriver.java:359)
	at org.openqa.selenium.remote.RemoteWebDriver.findElement(RemoteWebDriver.java:353)
	at org.openqa.selenium.support.ui.ExpectedConditions$6.apply(ExpectedConditions.java:171)
	at org.openqa.selenium.support.ui.ExpectedConditions$6.apply(ExpectedConditions.java:168)
	at org.openqa.selenium.support.ui.FluentWait.until(FluentWait.java:205)
	... 30 more
... Removed 31 stack frames</div></td></tr></table><p class="totop"><a href="#summary">back to summary</a></p>
<h3 id="m1">testcases.LogOut#LogOutCheck</h3><table class="result"><tr><th>Exception</th></tr><tr><td><div class="stacktrace">java.lang.Throwable: Method LogOut.LogOutCheck()[pri:0, instance:testcases.LogOut@40db2a24] depends on not successfully finished methods in group &quot;Signup&quot;
	at java.base/java.util.ArrayList.forEach(ArrayList.java:1541)
... Removed 18 stack frames</div></td></tr></table><p class="totop"><a href="#summary">back to summary</a></p>
<h3 id="m2">testcases.SignUpTest#career_Selection</h3><table class="result"><tr><th class="invisible"/></tr></table><p class="totop"><a href="#summary">back to summary</a></p>
<h3 id="m3">testcases.SignUpTest#enjoyDoing_Selection</h3><table class="result"><tr><th class="invisible"/></tr></table><p class="totop"><a href="#summary">back to summary</a></p>
<h3 id="m4">testcases.SignUpTest#joiningAs_Selction</h3><table class="result"><tr><th class="invisible"/></tr></table><p class="totop"><a href="#summary">back to summary</a></p>
<h3 id="m5">testcases.SignUpTest#photo_Selection</h3><table class="result"><tr><th class="invisible"/></tr></table><p class="totop"><a href="#summary">back to summary</a></p>
<h3 id="m6">testcases.SignUpTest#signUpDetails</h3><table class="result"><tr class="param"><th>Parameter #1</th><th>Parameter #2</th><th>Parameter #3</th><th>Parameter #4</th></tr><tr class="param stripe"><td>Tester</td><td>Test</td><td>dummytest</td><td>Automation@123</td></tr></table><p class="totop"><a href="#summary">back to summary</a></p>
<h3 id="m7">testcases.SignUpTest#signUp_Selction</h3><table class="result"><tr><th class="invisible"/></tr></table><p class="totop"><a href="#summary">back to summary</a></p>
<h2>Assignment 1</h2><h3 id="m8">testcases.Assignment1#HomePageCheck</h3><table class="result"><tr><th>Exception</th></tr><tr><td><div class="stacktrace">org.openqa.selenium.TimeoutException: Expected condition failed: waiting for presence of element located by: By.xpath: //p[normalize-space()=&quot;Jobs&quot;] (tried for 10 second(s) with 500 milliseconds interval)
	at org.openqa.selenium.support.ui.WebDriverWait.timeoutException(WebDriverWait.java:84)
	at org.openqa.selenium.support.ui.FluentWait.until(FluentWait.java:230)
	at utilities.CommonUtil.click(CommonUtil.java:63)
	at testcases.Assignment1.HomePageCheck(Assignment1.java:27)
	at java.base/java.util.ArrayList.forEach(ArrayList.java:1541)
Caused by: org.openqa.selenium.NoSuchElementException: no such element: Unable to locate element: {&quot;method&quot;:&quot;xpath&quot;,&quot;selector&quot;:&quot;//p[normalize-space()=&quot;Jobs&quot;]&quot;}
  (Session info: chrome=117.0.5938.149)
For documentation on this error, please visit: https://www.selenium.dev/documentation/webdriver/troubleshooting/errors#no-such-element-exception
Build info: version: &apos;4.12.1&apos;, revision: &apos;8e34639b11&apos;
System info: os.name: &apos;Windows 10&apos;, os.arch: &apos;amd64&apos;, os.version: &apos;10.0&apos;, java.version: &apos;11.0.18&apos;
Driver info: org.openqa.selenium.chrome.ChromeDriver
Command: [0d6e9f6f91c451cc676eae7371e056b5, findElement {using=xpath, value=//p[normalize-space()=&quot;Jobs&quot;]}]
Capabilities {acceptInsecureCerts: false, browserName: chrome, browserVersion: 117.0.5938.149, chrome: {chromedriverVersion: 117.0.5938.149 (e3344ddefa1..., userDataDir: C:\Users\LOVEPR~1\AppData\L...}, fedcm:accounts: true, goog:chromeOptions: {debuggerAddress: localhost:59121}, networkConnectionEnabled: false, pageLoadStrategy: normal, platformName: windows, proxy: Proxy(), se:cdp: ws://localhost:59121/devtoo..., se:cdpVersion: 117.0.5938.149, setWindowRect: true, strictFileInteractability: false, timeouts: {implicit: 0, pageLoad: 300000, script: 30000}, unhandledPromptBehavior: dismiss and notify, webauthn:extension:credBlob: true, webauthn:extension:largeBlob: true, webauthn:extension:minPinLength: true, webauthn:extension:prf: true, webauthn:virtualAuthenticators: true}
Session ID: 0d6e9f6f91c451cc676eae7371e056b5
	at org.openqa.selenium.remote.codec.w3c.W3CHttpResponseCodec.createException(W3CHttpResponseCodec.java:200)
	at org.openqa.selenium.remote.codec.w3c.W3CHttpResponseCodec.decode(W3CHttpResponseCodec.java:133)
	at org.openqa.selenium.remote.codec.w3c.W3CHttpResponseCodec.decode(W3CHttpResponseCodec.java:52)
	at org.openqa.selenium.remote.HttpCommandExecutor.execute(HttpCommandExecutor.java:191)
	at org.openqa.selenium.remote.service.DriverCommandExecutor.invokeExecute(DriverCommandExecutor.java:196)
	at org.openqa.selenium.remote.service.DriverCommandExecutor.execute(DriverCommandExecutor.java:171)
	at org.openqa.selenium.remote.RemoteWebDriver.execute(RemoteWebDriver.java:602)
	at org.openqa.selenium.remote.ElementLocation$ElementFinder$2.findElement(ElementLocation.java:165)
	at org.openqa.selenium.remote.ElementLocation.findElement(ElementLocation.java:59)
	at org.openqa.selenium.remote.RemoteWebDriver.findElement(RemoteWebDriver.java:359)
	at org.openqa.selenium.remote.RemoteWebDriver.findElement(RemoteWebDriver.java:353)
	at org.openqa.selenium.support.ui.ExpectedConditions$6.apply(ExpectedConditions.java:171)
	at org.openqa.selenium.support.ui.ExpectedConditions$6.apply(ExpectedConditions.java:168)
	at org.openqa.selenium.support.ui.FluentWait.until(FluentWait.java:205)
	... 30 more
... Removed 31 stack frames</div></td></tr></table><p class="totop"><a href="#summary">back to summary</a></p>
<h3 id="m9">testcases.Assignment1#AskQuestionCheck</h3><table class="result"><tr><th>Exception</th></tr><tr><td><div class="stacktrace">java.lang.Throwable: Method Assignment1.AskQuestionCheck()[pri:2, instance:testcases.Assignment1@71c27ee8] depends on not successfully finished methods
	at java.base/java.util.ArrayList.forEach(ArrayList.java:1541)
... Removed 18 stack frames</div></td></tr></table><p class="totop"><a href="#summary">back to summary</a></p>
<h3 id="m10">testcases.Assignment1#InboxPageCheck</h3><table class="result"><tr><th>Exception</th></tr><tr><td><div class="stacktrace">java.lang.Throwable: Method Assignment1.InboxPageCheck(java.lang.String)[pri:4, instance:testcases.Assignment1@71c27ee8] depends on not successfully finished methods
	at java.base/java.util.ArrayList.forEach(ArrayList.java:1541)
... Removed 18 stack frames</div></td></tr></table><p class="totop"><a href="#summary">back to summary</a></p>
<h3 id="m11">testcases.Assignment1#JobsPageCheck</h3><table class="result"><tr><th>Exception</th></tr><tr><td><div class="stacktrace">java.lang.Throwable: Method Assignment1.JobsPageCheck(java.lang.String,java.lang.String,java.lang.String)[pri:3, instance:testcases.Assignment1@71c27ee8] depends on not successfully finished methods
	at java.base/java.util.ArrayList.forEach(ArrayList.java:1541)
... Removed 18 stack frames</div></td></tr></table><p class="totop"><a href="#summary">back to summary</a></p>
<h3 id="m12">testcases.Assignment1#RecrtuierPageCheck</h3><table class="result"><tr><th>Exception</th></tr><tr><td><div class="stacktrace">java.lang.Throwable: Method Assignment1.RecrtuierPageCheck()[pri:5, instance:testcases.Assignment1@71c27ee8] depends on not successfully finished methods
	at java.base/java.util.ArrayList.forEach(ArrayList.java:1541)
... Removed 18 stack frames</div></td></tr></table><p class="totop"><a href="#summary">back to summary</a></p>
<h3 id="m13">testcases.LogOut#LogOutCheck</h3><table class="result"><tr><th>Exception</th></tr><tr><td><div class="stacktrace">java.lang.Throwable: Method LogOut.LogOutCheck()[pri:0, instance:testcases.LogOut@3e7dd664] depends on not successfully finished methods in group &quot;Assignment&quot;
	at java.base/java.util.ArrayList.forEach(ArrayList.java:1541)
... Removed 18 stack frames</div></td></tr></table><p class="totop"><a href="#summary">back to summary</a></p>
<h3 id="m14">testcases.LoginTest#Login</h3><table class="result"><tr class="param"><th>Parameter #1</th><th>Parameter #2</th></tr><tr class="param stripe"><td>dummytest</td><td>Automation@123</td></tr></table><p class="totop"><a href="#summary">back to summary</a></p>
<h2>Assignment 2</h2><h3 id="m15">testcases.Assignment2#InspirationPathCheck</h3><table class="result"><tr><th>Exception</th></tr><tr><td><div class="stacktrace">java.lang.AssertionError: Unable to perform Inspiration Path check!!
	at testcases.Assignment2.InspirationPathCheck(Assignment2.java:51)
	at java.base/java.util.ArrayList.forEach(ArrayList.java:1541)
... Removed 28 stack frames</div></td></tr></table><p class="totop"><a href="#summary">back to summary</a></p>
<h3 id="m16">testcases.Assignment2#RecentlyViewCheck</h3><table class="result"><tr><th>Exception</th></tr><tr><td><div class="stacktrace">java.lang.Throwable: Method Assignment2.RecentlyViewCheck()[pri:4, instance:testcases.Assignment2@6d1ef78d] depends on not successfully finished methods
	at java.base/java.util.ArrayList.forEach(ArrayList.java:1541)
... Removed 18 stack frames</div></td></tr></table><p class="totop"><a href="#summary">back to summary</a></p>
<h3 id="m17">testcases.LogOut#LogOutCheck</h3><table class="result"><tr><th>Exception</th></tr><tr><td><div class="stacktrace">java.lang.Throwable: Method LogOut.LogOutCheck()[pri:0, instance:testcases.LogOut@1a6c1270] depends on not successfully finished methods in group &quot;Assignment&quot;
	at java.base/java.util.ArrayList.forEach(ArrayList.java:1541)
... Removed 18 stack frames</div></td></tr></table><p class="totop"><a href="#summary">back to summary</a></p>
<h3 id="m18">testcases.Assignment2#CareerPageCheck</h3><table class="result"><tr><th class="invisible"/></tr></table><p class="totop"><a href="#summary">back to summary</a></p>
<h3 id="m19">testcases.Assignment2#UpdateCheck</h3><table class="result"><tr><th class="invisible"/></tr></table><p class="totop"><a href="#summary">back to summary</a></p>
<h3 id="m20">testcases.LoginTest#Login</h3><table class="result"><tr class="param"><th>Parameter #1</th><th>Parameter #2</th></tr><tr class="param stripe"><td>dummytest</td><td>Automation@123</td></tr></table><p class="totop"><a href="#summary">back to summary</a></p>
</body>
</html>
