<?xml version="1.0" encoding="UTF-8"?>
<!-- Generated by org.testng.reporters.JUnitXMLReporter -->
<testsuite ignored="0" hostname="LOVEPREET-LAPTOP" failures="1" tests="6" name="Assignment 1 Test" time="5.332" errors="0" timestamp="2023-10-01T01:43:11 IST">
  <testcase classname="testcases.LoginTest" name="LoginCheck" time="0.0">
    <failure type="org.testng.TestNGException" message="
Parameter &amp;apos;username&amp;apos; is required by @Test on method LoginCheck but has not been marked @Optional or defined
in C:\Users\lovepreet_pal\eclipse-workspace\peoplegroveAssignment\src\test\resources\runner\testng.xml">
      <![CDATA[org.testng.TestNGException: 
Parameter 'username' is required by @Test on method LoginCheck but has not been marked @Optional or defined
in C:\Users\lovepreet_pal\eclipse-workspace\peoplegroveAssignment\src\test\resources\runner\testng.xml
at java.base/java.util.ArrayList.forEach(ArrayList.java:1541)
... Removed 26 stack frames]]>
    </failure>
  </testcase> <!-- LoginCheck -->
  <testcase classname="testcases.Assignment1" name="HomePageCheck" time="0.0">
    <skipped/>
  </testcase> <!-- HomePageCheck -->
  <testcase classname="testcases.Assignment1" name="AskQuestionCheck" time="4.747"/>
  <testcase classname="testcases.Assignment1" name="JobsPageCheck" time="0.012"/>
  <testcase classname="testcases.Assignment1" name="InboxPageCheck" time="0.014"/>
  <testcase classname="testcases.Assignment1" name="RecrtuierPageCheck" time="0.014"/>
</testsuite> <!-- Assignment 1 Test -->
