<?xml version="1.0" encoding="UTF-8"?>
<!-- Generated by org.testng.reporters.JUnitXMLReporter -->
<testsuite ignored="4" hostname="LOVEPREET-LAPTOP" failures="1" tests="6" name="Assignment 2" time="85.638" errors="0" timestamp="2023-10-06T20:33:18 IST">
  <testcase classname="testcases.LoginTest" name="Login" time="30.103"/>
  <testcase classname="testcases.Assignment2" name="CareerPageCheck" time="0.429"/>
  <testcase classname="testcases.Assignment2" name="InspirationPathCheck" time="23.284">
    <failure type="java.lang.AssertionError" message="Unable to perform Inspiration Path check!!">
      <![CDATA[java.lang.AssertionError: Unable to perform Inspiration Path check!!
at testcases.Assignment2.InspirationPathCheck(Assignment2.java:51)
at java.base/java.util.ArrayList.forEach(ArrayList.java:1541)
... Removed 28 stack frames]]>
    </failure>
  </testcase> <!-- InspirationPathCheck -->
  <testcase classname="testcases.Assignment2" name="UpdateCheck" time="31.461"/>
  <testcase classname="testcases.Assignment2" name="RecentlyViewCheck" time="0.0">
    <skipped/>
  </testcase> <!-- RecentlyViewCheck -->
  <testcase classname="testcases.LogOut" name="LogOutCheck" time="0.0">
    <skipped/>
  </testcase> <!-- LogOutCheck -->
  <testcase classname="base.BaseTest" name="@BeforeSuite setup" time="0.0">
    <ignored/>
  </testcase> <!-- @BeforeSuite setup -->
  <testcase classname="base.BaseTest" name="@BeforeSuite setup" time="0.0">
    <ignored/>
  </testcase> <!-- @BeforeSuite setup -->
  <testcase classname="base.BaseTest" name="@AfterSuite tearDown" time="0.0">
    <ignored/>
  </testcase> <!-- @AfterSuite tearDown -->
  <testcase classname="base.BaseTest" name="@AfterSuite tearDown" time="0.0">
    <ignored/>
  </testcase> <!-- @AfterSuite tearDown -->
</testsuite> <!-- Assignment 2 -->
